 
****************************************
Report : timing
        -path full
        -delay min
        -max_paths 1
Design : commMod
Version: N-2017.09-SP5
Date   : Mon Oct 15 17:16:56 2018
****************************************

Operating Conditions: NCCOM   Library: tcbn40lpbwp12ttc
Wire Load Model Mode: segmented

  Startpoint: iUART/iRX/rx_ff1_reg
              (rising edge-triggered flip-flop clocked by clk)
  Endpoint: iUART/iRX/rx_ff2_reg
            (rising edge-triggered flip-flop clocked by clk)
  Path Group: clk
  Path Type: min

  Des/Clust/Port     Wire Load Model       Library
  ------------------------------------------------
  uart_rcv           ZeroWireload          tcbn40lpbwp12ttc
  uart_tx            ZeroWireload          tcbn40lpbwp12ttc
  CRC                ZeroWireload          tcbn40lpbwp12ttc
  commMod            TSMC32K_Lowk_Conservative
                                           tcbn40lpbwp12ttc
  uart               ZeroWireload          tcbn40lpbwp12ttc

  Point                                                   Incr       Path
  --------------------------------------------------------------------------
  clock clk (rise edge)                                   0.00       0.00
  clock network delay (ideal)                             0.00       0.00
  iUART/iRX/rx_ff1_reg/CP (DFCNQD1BWP12T)                 0.00       0.00 r
  iUART/iRX/rx_ff1_reg/Q (DFCNQD1BWP12T)                  0.09       0.09 f
  iUART/iRX/rx_ff2_reg/D (DFCNQD1BWP12T)                  0.00       0.09 f
  data arrival time                                                  0.09

  clock clk (rise edge)                                   0.00       0.00
  clock network delay (ideal)                             0.00       0.00
  iUART/iRX/rx_ff2_reg/CP (DFCNQD1BWP12T)                 0.00       0.00 r
  library hold time                                       0.02       0.02
  data required time                                                 0.02
  --------------------------------------------------------------------------
  data required time                                                 0.02
  data arrival time                                                 -0.09
  --------------------------------------------------------------------------
  slack (MET)                                                        0.07


1
