 
****************************************
Report : area
Design : UART
Version: N-2017.09-SP5
Date   : Fri Oct 19 10:46:19 2018
****************************************

Information: Updating design information... (UID-85)
Library(s) Used:

    tcbn40lpbwp12ttc (File: /cae/apps/data/tsmclibs-2013/digital/Front_End/timing_power_noise/NLDM/tcbn40lpbwp12t_110b/tcbn40lpbwp12ttc.db)

Number of ports:                           98
Number of nets:                           284
Number of cells:                          191
Number of combinational cells:            131
Number of sequential cells:                56
Number of macros/black boxes:               0
Number of buf/inv:                         37
Number of references:                       3

Combinational area:                252.134401
Buf/Inv area:                       60.446400
Noncombinational area:             331.867202
Macro/Black Box area:                0.000000
Net Interconnect area:      undefined  (Wire load has zero net area)

Total cell area:                   584.001603
Total area:                 undefined
1
