 
****************************************
Report : timing
        -path full
        -delay min
        -max_paths 1
Design : mtr_drv
Version: N-2017.09-SP5
Date   : Mon Nov  5 17:50:49 2018
****************************************

Operating Conditions: NCCOM   Library: tcbn40lpbwptc
Wire Load Model Mode: segmented

  Startpoint: lftPWM/count_reg[0]
              (rising edge-triggered flip-flop clocked by clk)
  Endpoint: lftPWM/count_reg[0]
            (rising edge-triggered flip-flop clocked by clk)
  Path Group: clk
  Path Type: min

  Des/Clust/Port     Wire Load Model       Library
  ------------------------------------------------
  mtr_drv            TSMC32K_Lowk_Conservative
                                           tcbn40lpbwptc
  mtr_drv_DW01_inc_1 ZeroWireload          tcbn40lpbwptc

  Point                                                   Incr       Path
  --------------------------------------------------------------------------
  clock clk (rise edge)                                   0.00       0.00
  clock network delay (ideal)                             0.00       0.00
  lftPWM/count_reg[0]/CP (DFCNQD1BWP)                     0.00       0.00 r
  lftPWM/count_reg[0]/Q (DFCNQD1BWP)                      0.15       0.15 r
  lftPWM/add_29/A[0] (mtr_drv_DW01_inc_1)                 0.00       0.15 r
  lftPWM/add_29/U2/ZN (CKND0BWP)                          0.04       0.18 f
  lftPWM/add_29/SUM[0] (mtr_drv_DW01_inc_1)               0.00       0.18 f
  lftPWM/count_reg[0]/D (DFCNQD1BWP)                      0.00       0.18 f
  data arrival time                                                  0.18

  clock clk (rise edge)                                   0.00       0.00
  clock network delay (ideal)                             0.00       0.00
  lftPWM/count_reg[0]/CP (DFCNQD1BWP)                     0.00       0.00 r
  library hold time                                       0.02       0.02
  data required time                                                 0.02
  --------------------------------------------------------------------------
  data required time                                                 0.02
  data arrival time                                                 -0.18
  --------------------------------------------------------------------------
  slack (MET)                                                        0.16


1
